Using pre-set license
Built from '2021.3/staging' branch; Version is '2021.3.26f1 (a16dc32e0ff2) revision 10579395'; Using compiler version '192829333'; Build Type 'Release'
OS: 'Windows 11  (10.0.22621) 64bit Core' Language: 'en' Physical Memory: 8001 MB
BatchMode: 1, IsHumanControllingUs: 0, StartBugReporterOnCrash: 0, Is64bit: 1, IsPro: 1

COMMAND LINE ARGUMENTS:
C:\Program Files\Unity\Hub\Editor\2021.3.26f1\Editor\Unity.exe
-adb2
-batchMode
-noUpm
-name
AssetImportWorker1
-projectPath
C:/Users/jacob/Documents/GitHub/Rhystic-Sentinel
-logFile
Logs/AssetImportWorker1.log
-srvPort
53289
Successfully changed project path to: C:/Users/jacob/Documents/GitHub/Rhystic-Sentinel
C:/Users/jacob/Documents/GitHub/Rhystic-Sentinel
[UnityMemory] Configuration Parameters - Can be set up in boot.config
    "memorysetup-bucket-allocator-granularity=16"
    "memorysetup-bucket-allocator-bucket-count=8"
    "memorysetup-bucket-allocator-block-size=33554432"
    "memorysetup-bucket-allocator-block-count=8"
    "memorysetup-main-allocator-block-size=16777216"
    "memorysetup-thread-allocator-block-size=16777216"
    "memorysetup-gfx-main-allocator-block-size=16777216"
    "memorysetup-gfx-thread-allocator-block-size=16777216"
    "memorysetup-cache-allocator-block-size=4194304"
    "memorysetup-typetree-allocator-block-size=2097152"
    "memorysetup-profiler-bucket-allocator-granularity=16"
    "memorysetup-profiler-bucket-allocator-bucket-count=8"
    "memorysetup-profiler-bucket-allocator-block-size=33554432"
    "memorysetup-profiler-bucket-allocator-block-count=8"
    "memorysetup-profiler-allocator-block-size=16777216"
    "memorysetup-profiler-editor-allocator-block-size=1048576"
    "memorysetup-temp-allocator-size-main=16777216"
    "memorysetup-job-temp-allocator-block-size=2097152"
    "memorysetup-job-temp-allocator-block-size-background=1048576"
    "memorysetup-job-temp-allocator-reduction-small-platforms=262144"
    "memorysetup-temp-allocator-size-background-worker=32768"
    "memorysetup-temp-allocator-size-job-worker=262144"
    "memorysetup-temp-allocator-size-preload-manager=33554432"
    "memorysetup-temp-allocator-size-nav-mesh-worker=65536"
    "memorysetup-temp-allocator-size-audio-worker=65536"
    "memorysetup-temp-allocator-size-cloud-worker=32768"
    "memorysetup-temp-allocator-size-gi-baking-worker=262144"
    "memorysetup-temp-allocator-size-gfx=262144"
Player connection [3444] Host "[IP] 10.44.127.148 [Port] 0 [Flags] 2 [Guid] 1077048975 [EditorId] 1077048975 [Version] 1048832 [Id] WindowsEditor(7,TheDevAtlas) [Debug] 1 [PackageName] WindowsEditor [ProjectName] Editor" joined multi-casting on [225.0.0.222:54997]...

Player connection [3444] Host "[IP] 10.44.127.148 [Port] 0 [Flags] 2 [Guid] 1077048975 [EditorId] 1077048975 [Version] 1048832 [Id] WindowsEditor(7,TheDevAtlas) [Debug] 1 [PackageName] WindowsEditor [ProjectName] Editor" joined alternative multi-casting on [225.0.0.222:34997]...

Refreshing native plugins compatible for Editor in 272.02 ms, found 4 plugins.
Preloading 0 native plugins for Editor in 0.00 ms.
Initialize engine version: 2021.3.26f1 (a16dc32e0ff2)
[Subsystems] Discovering subsystems at path C:/Program Files/Unity/Hub/Editor/2021.3.26f1/Editor/Data/Resources/UnitySubsystems
[Subsystems] Discovering subsystems at path C:/Users/jacob/Documents/GitHub/Rhystic-Sentinel/Assets
GfxDevice: creating device client; threaded=0; jobified=0
Direct3D:
    Version:  Direct3D 11.0 [level 11.1]
    Renderer: NVIDIA GeForce GTX 1650 (ID=0x1f91)
    Vendor:   NVIDIA
    VRAM:     3949 MB
    Driver:   31.0.15.2647
Initialize mono
Mono path[0] = 'C:/Program Files/Unity/Hub/Editor/2021.3.26f1/Editor/Data/Managed'
Mono path[1] = 'C:/Program Files/Unity/Hub/Editor/2021.3.26f1/Editor/Data/MonoBleedingEdge/lib/mono/unityjit-win32'
Mono config path = 'C:/Program Files/Unity/Hub/Editor/2021.3.26f1/Editor/Data/MonoBleedingEdge/etc'
Using monoOptions --debugger-agent=transport=dt_socket,embedding=1,server=y,suspend=n,address=127.0.0.1:56080
Begin MonoManager ReloadAssembly
Registering precompiled unity dll's ...
Register platform support module: C:/Program Files/Unity/Hub/Editor/2021.3.26f1/Editor/Data/PlaybackEngines/WebGLSupport/UnityEditor.WebGL.Extensions.dll
Register platform support module: C:/Program Files/Unity/Hub/Editor/2021.3.26f1/Editor/Data/PlaybackEngines/AndroidPlayer/UnityEditor.Android.Extensions.dll
Register platform support module: C:/Program Files/Unity/Hub/Editor/2021.3.26f1/Editor/Data/PlaybackEngines/WindowsStandaloneSupport/UnityEditor.WindowsStandalone.Extensions.dll
Registered in 0.012784 seconds.
Native extension for WindowsStandalone target not found
Native extension for Android target not found
Android Extension - Scanning For ADB Devices 354 ms
Native extension for WebGL target not found
Refreshing native plugins compatible for Editor in 119.61 ms, found 4 plugins.
Preloading 0 native plugins for Editor in 0.00 ms.
Mono: successfully reloaded assembly
- Completed reload, in  1.393 seconds
Domain Reload Profiling:
	ReloadAssembly (1394ms)
		BeginReloadAssembly (130ms)
			ExecutionOrderSort (0ms)
			DisableScriptedObjects (0ms)
			BackupInstance (0ms)
			ReleaseScriptingObjects (0ms)
			CreateAndSetChildDomain (1ms)
		EndReloadAssembly (1113ms)
			LoadAssemblies (128ms)
			RebuildTransferFunctionScriptingTraits (0ms)
			SetupTypeCache (173ms)
			ReleaseScriptCaches (0ms)
			RebuildScriptCaches (41ms)
			SetupLoadedEditorAssemblies (814ms)
				LogAssemblyErrors (0ms)
				InitializePlatformSupportModulesInManaged (501ms)
				SetLoadedEditorAssemblies (0ms)
				RefreshPlugins (120ms)
				BeforeProcessingInitializeOnLoad (1ms)
				ProcessInitializeOnLoadAttributes (128ms)
				ProcessInitializeOnLoadMethodAttributes (64ms)
				AfterProcessingInitializeOnLoad (0ms)
				EditorAssembliesLoaded (0ms)
			ExecutionOrderSort2 (0ms)
			AwakeInstancesAfterBackupRestoration (0ms)
Platform modules already initialized, skipping
Registering precompiled user dll's ...
Registered in 0.023479 seconds.
Begin MonoManager ReloadAssembly
Symbol file LoadedFromMemory doesn't match image C:\Users\jacob\Documents\GitHub\Rhystic-Sentinel\Library\PackageCache\com.unity.visualscripting@1.8.0\Editor\VisualScripting.Core\Dependencies\YamlDotNet\Unity.VisualScripting.YamlDotNet.dll
Symbol file LoadedFromMemory doesn't match image C:\Users\jacob\Documents\GitHub\Rhystic-Sentinel\Library\PackageCache\com.unity.visualscripting@1.8.0\Editor\VisualScripting.Core\Dependencies\DotNetZip\Unity.VisualScripting.IonicZip.dll
Native extension for WindowsStandalone target not found
Native extension for Android target not found
Native extension for WebGL target not found
Refreshing native plugins compatible for Editor in 125.09 ms, found 4 plugins.
Preloading 0 native plugins for Editor in 0.00 ms.
Mono: successfully reloaded assembly
- Completed reload, in  7.235 seconds
Domain Reload Profiling:
	ReloadAssembly (7236ms)
		BeginReloadAssembly (216ms)
			ExecutionOrderSort (0ms)
			DisableScriptedObjects (8ms)
			BackupInstance (0ms)
			ReleaseScriptingObjects (0ms)
			CreateAndSetChildDomain (27ms)
		EndReloadAssembly (6781ms)
			LoadAssemblies (5582ms)
			RebuildTransferFunctionScriptingTraits (0ms)
			SetupTypeCache (401ms)
			ReleaseScriptCaches (1ms)
			RebuildScriptCaches (78ms)
			SetupLoadedEditorAssemblies (685ms)
				LogAssemblyErrors (0ms)
				InitializePlatformSupportModulesInManaged (30ms)
				SetLoadedEditorAssemblies (0ms)
				RefreshPlugins (125ms)
				BeforeProcessingInitializeOnLoad (129ms)
				ProcessInitializeOnLoadAttributes (339ms)
				ProcessInitializeOnLoadMethodAttributes (51ms)
				AfterProcessingInitializeOnLoad (11ms)
				EditorAssembliesLoaded (0ms)
			ExecutionOrderSort2 (0ms)
			AwakeInstancesAfterBackupRestoration (7ms)
Platform modules already initialized, skipping
========================================================================
Worker process is ready to serve import requests
State comes from an incompatible keyword space
State comes from an incompatible keyword space
State comes from an incompatible keyword space
State comes from an incompatible keyword space
Launched and connected shader compiler UnityShaderCompiler.exe after 0.05 seconds
Refreshing native plugins compatible for Editor in 1.62 ms, found 4 plugins.
Preloading 0 native plugins for Editor in 0.00 ms.
Unloading 3853 Unused Serialized files (Serialized files now loaded: 0)
Unloading 39 unused Assets / (0.6 MB). Loaded Objects now: 4312.
Memory consumption went from 154.2 MB to 153.6 MB.
Total: 5.100300 ms (FindLiveObjects: 0.512800 ms CreateObjectMapping: 0.181200 ms MarkObjects: 4.128200 ms  DeleteObjects: 0.276200 ms)

AssetImportParameters requested are different than current active one (requested -> active):
  custom:video-decoder-ogg-theora: a1e56fd34408186e4bbccfd4996cb3dc -> 
  custom:container-muxer-webm: aa71ff27fc2769a1b78a27578f13a17b -> 
  custom:container-demuxer-webm: 4f35f7cbe854078d1ac9338744f61a02 -> 
  custom:video-encoder-webm-vp8: eb34c28f22e8b96e1ab97ce403110664 -> 
  custom:audio-encoder-webm-vorbis: bf7c407c2cedff20999df2af8eb42d56 -> 
  custom:framework-win-MediaFoundation: 216162199b28c13a410421893ffa2e32 -> 
  custom:container-demuxer-ogg: 62fdf1f143b41e24485cea50d1cbac27 -> 
  custom:video-decoder-webm-vp8: 9c59270c3fd7afecdb556c50c9e8de78 -> 
  custom:audio-decoder-ogg-vorbis: bf7c407c2cedff20999df2af8eb42d56 -> 
========================================================================
Received Import Request.
  Time since last request: 9606.219891 seconds.
  path: Assets/Scenes
  artifactKey: Guid(e98c49759459ff948b46db8f3afaab66) Importer(815301076,1909f56bfc062723c751e8b465ee728b)
Start importing Assets/Scenes using Guid(e98c49759459ff948b46db8f3afaab66) Importer(815301076,1909f56bfc062723c751e8b465ee728b)  -> (artifact id: 'dc1c2e5346c66bfd91a9426c92027240') in 0.020605 seconds 
========================================================================
Received Import Request.
  Time since last request: 0.000041 seconds.
  path: Assets/Scenes/MHALegacy.unity
  artifactKey: Guid(2cda990e2423bbf4892e6590ba056729) Importer(815301076,1909f56bfc062723c751e8b465ee728b)
Start importing Assets/Scenes/MHALegacy.unity using Guid(2cda990e2423bbf4892e6590ba056729) Importer(815301076,1909f56bfc062723c751e8b465ee728b)  -> (artifact id: '655f46648829aeca5056fe4198405221') in 0.014973 seconds 
========================================================================
Received Import Request.
  Time since last request: 20.267679 seconds.
  path: Assets/MenuButtons/Heavitas.ttf
  artifactKey: Guid(5c8c840bfd5556445b12dfdd02148d9c) Importer(815301076,1909f56bfc062723c751e8b465ee728b)
Start importing Assets/MenuButtons/Heavitas.ttf using Guid(5c8c840bfd5556445b12dfdd02148d9c) Importer(815301076,1909f56bfc062723c751e8b465ee728b)  -> (artifact id: 'e5db9f5bef7bd0c6374d849a6aebdaee') in 0.224039 seconds 
========================================================================
Received Import Request.
  Time since last request: 2.852623 seconds.
  path: Assets/MHA/Mask.png
  artifactKey: Guid(4c90b3ac2df098945a1b630fde7beade) Importer(815301076,1909f56bfc062723c751e8b465ee728b)
Start importing Assets/MHA/Mask.png using Guid(4c90b3ac2df098945a1b630fde7beade) Importer(815301076,1909f56bfc062723c751e8b465ee728b)  -> (artifact id: 'f846d2f331a0308b1b5dc75b68202645') in 0.100719 seconds 
========================================================================
Received Import Request.
  Time since last request: 4.767913 seconds.
  path: Assets/MHA/Frame/asset.png
  artifactKey: Guid(4d65764de4428dc469a291eeb351d53d) Importer(815301076,1909f56bfc062723c751e8b465ee728b)
Start importing Assets/MHA/Frame/asset.png using Guid(4d65764de4428dc469a291eeb351d53d) Importer(815301076,1909f56bfc062723c751e8b465ee728b)  -> (artifact id: '4be8256f88c1cf0fb87442d70d1b476b') in 0.130137 seconds 
========================================================================
Received Import Request.
  Time since last request: 0.000427 seconds.
  path: Assets/MHA/Frame/attack.png
  artifactKey: Guid(367e2b19a6813f146833cf91e1ce9eef) Importer(815301076,1909f56bfc062723c751e8b465ee728b)
Start importing Assets/MHA/Frame/attack.png using Guid(367e2b19a6813f146833cf91e1ce9eef) Importer(815301076,1909f56bfc062723c751e8b465ee728b)  -> (artifact id: 'ad009b7e3f2623d27a4d5e6503e6f748') in 0.116452 seconds 
========================================================================
Received Import Request.
  Time since last request: 0.000039 seconds.
  path: Assets/MHA/Frame/foundation.png
  artifactKey: Guid(fdc9caef45783df4fb3c68b4b50d74cb) Importer(815301076,1909f56bfc062723c751e8b465ee728b)
Start importing Assets/MHA/Frame/foundation.png using Guid(fdc9caef45783df4fb3c68b4b50d74cb) Importer(815301076,1909f56bfc062723c751e8b465ee728b)  -> (artifact id: '670dd3ddcd2d9c53b7b69286ef1a0095') in 0.100283 seconds 
========================================================================
Received Import Request.
  Time since last request: 0.176322 seconds.
  path: Assets/MHA/Fonts/Arson Pro Narrow Medium SDF.asset
  artifactKey: Guid(964076f6bd290e64aae6a3f9acb10923) Importer(815301076,1909f56bfc062723c751e8b465ee728b)
Start importing Assets/MHA/Fonts/Arson Pro Narrow Medium SDF.asset using Guid(964076f6bd290e64aae6a3f9acb10923) Importer(815301076,1909f56bfc062723c751e8b465ee728b)  -> (artifact id: '855a0525839c1e1d637c80f5cdbd4b43') in 0.087869 seconds 
========================================================================
Received Import Request.
  Time since last request: 0.000044 seconds.
  path: Assets/MHA/Fonts/PFDinTextPro-Regular SDF.asset
  artifactKey: Guid(bedd216d88a9d894fbc1cf59867e1779) Importer(815301076,1909f56bfc062723c751e8b465ee728b)
Start importing Assets/MHA/Fonts/PFDinTextPro-Regular SDF.asset using Guid(bedd216d88a9d894fbc1cf59867e1779) Importer(815301076,1909f56bfc062723c751e8b465ee728b)  -> (artifact id: '13b1dd51748c1523bbf4e47670c46707') in 0.054329 seconds 
========================================================================
Received Import Request.
  Time since last request: 0.000102 seconds.
  path: Assets/MHA/Fonts/msgothic SDF.asset
  artifactKey: Guid(cda505f4a20516043a8cc40eb116aaa7) Importer(815301076,1909f56bfc062723c751e8b465ee728b)
Start importing Assets/MHA/Fonts/msgothic SDF.asset using Guid(cda505f4a20516043a8cc40eb116aaa7) Importer(815301076,1909f56bfc062723c751e8b465ee728b)  -> (artifact id: 'f9f318a078a14f324882d72c67246054') in 0.070907 seconds 
========================================================================
Received Import Request.
  Time since last request: 0.000052 seconds.
  path: Assets/MHA/Fonts/impact.ttf
  artifactKey: Guid(5b0c8785fdf857347b6021a8b6e1bd01) Importer(815301076,1909f56bfc062723c751e8b465ee728b)
Start importing Assets/MHA/Fonts/impact.ttf using Guid(5b0c8785fdf857347b6021a8b6e1bd01) Importer(815301076,1909f56bfc062723c751e8b465ee728b)  -> (artifact id: 'ff25a7564e2c559682e83da55cd5f6dc') in 0.040406 seconds 
========================================================================
Received Import Request.
  Time since last request: 0.000043 seconds.
  path: Assets/MHA/Fonts/Intro-Black-SC SDF 1.asset
  artifactKey: Guid(02d9c0ab07e9f3346ba2e892a978472f) Importer(815301076,1909f56bfc062723c751e8b465ee728b)
Start importing Assets/MHA/Fonts/Intro-Black-SC SDF 1.asset using Guid(02d9c0ab07e9f3346ba2e892a978472f) Importer(815301076,1909f56bfc062723c751e8b465ee728b)  -> (artifact id: '3ed306f570c4dcf29f4eb1f92e3fedf4') in 0.054506 seconds 
========================================================================
Received Import Request.
  Time since last request: 0.000044 seconds.
  path: Assets/MHA/Fonts/PFDinTextPro-Regular.ttf
  artifactKey: Guid(fa03a0f73a5e56145a12cf1b5c46c7b8) Importer(815301076,1909f56bfc062723c751e8b465ee728b)
Start importing Assets/MHA/Fonts/PFDinTextPro-Regular.ttf using Guid(fa03a0f73a5e56145a12cf1b5c46c7b8) Importer(815301076,1909f56bfc062723c751e8b465ee728b)  -> (artifact id: '6a4df09919397825c2c29e42dc1da23c') in 0.041298 seconds 
========================================================================
Received Import Request.
  Time since last request: 0.000082 seconds.
  path: Assets/MHA/Fonts/Intro-Black-SC.otf
  artifactKey: Guid(844a231b27557d1439b5d11f3428db84) Importer(815301076,1909f56bfc062723c751e8b465ee728b)
Start importing Assets/MHA/Fonts/Intro-Black-SC.otf using Guid(844a231b27557d1439b5d11f3428db84) Importer(815301076,1909f56bfc062723c751e8b465ee728b)  -> (artifact id: '25f3fcc3a0d20fc3dde440661a498b73') in 0.044233 seconds 
Editor requested this worker to shutdown with reason: Scaling down because of idle timeout
AssetImportWorker is now disconnected from the server
Process exiting
Exiting without the bug reporter. Application will terminate with return code 0