Using pre-set license
Built from '2021.3/staging' branch; Version is '2021.3.26f1 (a16dc32e0ff2) revision 10579395'; Using compiler version '192829333'; Build Type 'Release'
OS: 'Windows 11  (10.0.22621) 64bit Core' Language: 'en' Physical Memory: 8001 MB
BatchMode: 1, IsHumanControllingUs: 0, StartBugReporterOnCrash: 0, Is64bit: 1, IsPro: 1

COMMAND LINE ARGUMENTS:
C:\Program Files\Unity\Hub\Editor\2021.3.26f1\Editor\Unity.exe
-adb2
-batchMode
-noUpm
-name
AssetImportWorker0
-projectPath
C:/Users/jacob/Documents/GitHub/Rhystic-Sentinel
-logFile
Logs/AssetImportWorker0.log
-srvPort
53289
Successfully changed project path to: C:/Users/jacob/Documents/GitHub/Rhystic-Sentinel
C:/Users/jacob/Documents/GitHub/Rhystic-Sentinel
[UnityMemory] Configuration Parameters - Can be set up in boot.config
    "memorysetup-bucket-allocator-granularity=16"
    "memorysetup-bucket-allocator-bucket-count=8"
    "memorysetup-bucket-allocator-block-size=33554432"
    "memorysetup-bucket-allocator-block-count=8"
    "memorysetup-main-allocator-block-size=16777216"
    "memorysetup-thread-allocator-block-size=16777216"
    "memorysetup-gfx-main-allocator-block-size=16777216"
    "memorysetup-gfx-thread-allocator-block-size=16777216"
    "memorysetup-cache-allocator-block-size=4194304"
    "memorysetup-typetree-allocator-block-size=2097152"
    "memorysetup-profiler-bucket-allocator-granularity=16"
    "memorysetup-profiler-bucket-allocator-bucket-count=8"
    "memorysetup-profiler-bucket-allocator-block-size=33554432"
    "memorysetup-profiler-bucket-allocator-block-count=8"
    "memorysetup-profiler-allocator-block-size=16777216"
    "memorysetup-profiler-editor-allocator-block-size=1048576"
    "memorysetup-temp-allocator-size-main=16777216"
    "memorysetup-job-temp-allocator-block-size=2097152"
    "memorysetup-job-temp-allocator-block-size-background=1048576"
    "memorysetup-job-temp-allocator-reduction-small-platforms=262144"
    "memorysetup-temp-allocator-size-background-worker=32768"
    "memorysetup-temp-allocator-size-job-worker=262144"
    "memorysetup-temp-allocator-size-preload-manager=33554432"
    "memorysetup-temp-allocator-size-nav-mesh-worker=65536"
    "memorysetup-temp-allocator-size-audio-worker=65536"
    "memorysetup-temp-allocator-size-cloud-worker=32768"
    "memorysetup-temp-allocator-size-gi-baking-worker=262144"
    "memorysetup-temp-allocator-size-gfx=262144"
Player connection [11136] Host "[IP] 10.44.127.148 [Port] 0 [Flags] 2 [Guid] 141798488 [EditorId] 141798488 [Version] 1048832 [Id] WindowsEditor(7,TheDevAtlas) [Debug] 1 [PackageName] WindowsEditor [ProjectName] Editor" joined multi-casting on [225.0.0.222:54997]...

Player connection [11136] Host "[IP] 10.44.127.148 [Port] 0 [Flags] 2 [Guid] 141798488 [EditorId] 141798488 [Version] 1048832 [Id] WindowsEditor(7,TheDevAtlas) [Debug] 1 [PackageName] WindowsEditor [ProjectName] Editor" joined alternative multi-casting on [225.0.0.222:34997]...

Refreshing native plugins compatible for Editor in 272.94 ms, found 4 plugins.
Preloading 0 native plugins for Editor in 0.00 ms.
Initialize engine version: 2021.3.26f1 (a16dc32e0ff2)
[Subsystems] Discovering subsystems at path C:/Program Files/Unity/Hub/Editor/2021.3.26f1/Editor/Data/Resources/UnitySubsystems
[Subsystems] Discovering subsystems at path C:/Users/jacob/Documents/GitHub/Rhystic-Sentinel/Assets
GfxDevice: creating device client; threaded=0; jobified=0
Direct3D:
    Version:  Direct3D 11.0 [level 11.1]
    Renderer: NVIDIA GeForce GTX 1650 (ID=0x1f91)
    Vendor:   NVIDIA
    VRAM:     3949 MB
    Driver:   31.0.15.2647
Initialize mono
Mono path[0] = 'C:/Program Files/Unity/Hub/Editor/2021.3.26f1/Editor/Data/Managed'
Mono path[1] = 'C:/Program Files/Unity/Hub/Editor/2021.3.26f1/Editor/Data/MonoBleedingEdge/lib/mono/unityjit-win32'
Mono config path = 'C:/Program Files/Unity/Hub/Editor/2021.3.26f1/Editor/Data/MonoBleedingEdge/etc'
Using monoOptions --debugger-agent=transport=dt_socket,embedding=1,server=y,suspend=n,address=127.0.0.1:56572
Begin MonoManager ReloadAssembly
Registering precompiled unity dll's ...
Register platform support module: C:/Program Files/Unity/Hub/Editor/2021.3.26f1/Editor/Data/PlaybackEngines/WebGLSupport/UnityEditor.WebGL.Extensions.dll
Register platform support module: C:/Program Files/Unity/Hub/Editor/2021.3.26f1/Editor/Data/PlaybackEngines/AndroidPlayer/UnityEditor.Android.Extensions.dll
Register platform support module: C:/Program Files/Unity/Hub/Editor/2021.3.26f1/Editor/Data/PlaybackEngines/WindowsStandaloneSupport/UnityEditor.WindowsStandalone.Extensions.dll
Registered in 0.012552 seconds.
Native extension for WindowsStandalone target not found
Native extension for Android target not found
Android Extension - Scanning For ADB Devices 351 ms
Native extension for WebGL target not found
Refreshing native plugins compatible for Editor in 113.61 ms, found 4 plugins.
Preloading 0 native plugins for Editor in 0.00 ms.
Mono: successfully reloaded assembly
- Completed reload, in  1.416 seconds
Domain Reload Profiling:
	ReloadAssembly (1417ms)
		BeginReloadAssembly (150ms)
			ExecutionOrderSort (0ms)
			DisableScriptedObjects (0ms)
			BackupInstance (0ms)
			ReleaseScriptingObjects (0ms)
			CreateAndSetChildDomain (1ms)
		EndReloadAssembly (1113ms)
			LoadAssemblies (148ms)
			RebuildTransferFunctionScriptingTraits (0ms)
			SetupTypeCache (179ms)
			ReleaseScriptCaches (0ms)
			RebuildScriptCaches (38ms)
			SetupLoadedEditorAssemblies (812ms)
				LogAssemblyErrors (0ms)
				InitializePlatformSupportModulesInManaged (500ms)
				SetLoadedEditorAssemblies (0ms)
				RefreshPlugins (114ms)
				BeforeProcessingInitializeOnLoad (2ms)
				ProcessInitializeOnLoadAttributes (129ms)
				ProcessInitializeOnLoadMethodAttributes (67ms)
				AfterProcessingInitializeOnLoad (0ms)
				EditorAssembliesLoaded (0ms)
			ExecutionOrderSort2 (0ms)
			AwakeInstancesAfterBackupRestoration (0ms)
Platform modules already initialized, skipping
Registering precompiled user dll's ...
Registered in 0.024138 seconds.
Begin MonoManager ReloadAssembly
Symbol file LoadedFromMemory doesn't match image C:\Users\jacob\Documents\GitHub\Rhystic-Sentinel\Library\PackageCache\com.unity.visualscripting@1.8.0\Editor\VisualScripting.Core\Dependencies\YamlDotNet\Unity.VisualScripting.YamlDotNet.dll
Symbol file LoadedFromMemory doesn't match image C:\Users\jacob\Documents\GitHub\Rhystic-Sentinel\Library\PackageCache\com.unity.visualscripting@1.8.0\Editor\VisualScripting.Core\Dependencies\DotNetZip\Unity.VisualScripting.IonicZip.dll
Native extension for WindowsStandalone target not found
Native extension for Android target not found
Native extension for WebGL target not found
Refreshing native plugins compatible for Editor in 120.39 ms, found 4 plugins.
Preloading 0 native plugins for Editor in 0.00 ms.
Mono: successfully reloaded assembly
- Completed reload, in  7.239 seconds
Domain Reload Profiling:
	ReloadAssembly (7240ms)
		BeginReloadAssembly (213ms)
			ExecutionOrderSort (0ms)
			DisableScriptedObjects (8ms)
			BackupInstance (0ms)
			ReleaseScriptingObjects (0ms)
			CreateAndSetChildDomain (25ms)
		EndReloadAssembly (6787ms)
			LoadAssemblies (5576ms)
			RebuildTransferFunctionScriptingTraits (0ms)
			SetupTypeCache (397ms)
			ReleaseScriptCaches (1ms)
			RebuildScriptCaches (75ms)
			SetupLoadedEditorAssemblies (694ms)
				LogAssemblyErrors (0ms)
				InitializePlatformSupportModulesInManaged (31ms)
				SetLoadedEditorAssemblies (0ms)
				RefreshPlugins (121ms)
				BeforeProcessingInitializeOnLoad (128ms)
				ProcessInitializeOnLoadAttributes (353ms)
				ProcessInitializeOnLoadMethodAttributes (51ms)
				AfterProcessingInitializeOnLoad (10ms)
				EditorAssembliesLoaded (0ms)
			ExecutionOrderSort2 (0ms)
			AwakeInstancesAfterBackupRestoration (7ms)
Platform modules already initialized, skipping
========================================================================
Worker process is ready to serve import requests
State comes from an incompatible keyword space
State comes from an incompatible keyword space
State comes from an incompatible keyword space
State comes from an incompatible keyword space
Launched and connected shader compiler UnityShaderCompiler.exe after 0.06 seconds
Refreshing native plugins compatible for Editor in 1.67 ms, found 4 plugins.
Preloading 0 native plugins for Editor in 0.00 ms.
Unloading 3853 Unused Serialized files (Serialized files now loaded: 0)
Unloading 39 unused Assets / (0.6 MB). Loaded Objects now: 4312.
Memory consumption went from 154.2 MB to 153.6 MB.
Total: 4.579100 ms (FindLiveObjects: 0.437100 ms CreateObjectMapping: 0.133800 ms MarkObjects: 3.734900 ms  DeleteObjects: 0.271500 ms)

AssetImportParameters requested are different than current active one (requested -> active):
  custom:video-decoder-ogg-theora: a1e56fd34408186e4bbccfd4996cb3dc -> 
  custom:container-muxer-webm: aa71ff27fc2769a1b78a27578f13a17b -> 
  custom:container-demuxer-webm: 4f35f7cbe854078d1ac9338744f61a02 -> 
  custom:video-encoder-webm-vp8: eb34c28f22e8b96e1ab97ce403110664 -> 
  custom:audio-encoder-webm-vorbis: bf7c407c2cedff20999df2af8eb42d56 -> 
  custom:framework-win-MediaFoundation: 216162199b28c13a410421893ffa2e32 -> 
  custom:container-demuxer-ogg: 62fdf1f143b41e24485cea50d1cbac27 -> 
  custom:video-decoder-webm-vp8: 9c59270c3fd7afecdb556c50c9e8de78 -> 
  custom:audio-decoder-ogg-vorbis: bf7c407c2cedff20999df2af8eb42d56 -> 
========================================================================
Received Import Request.
  Time since last request: 9606.221298 seconds.
  path: Assets/Scenes/MainMenu.unity
  artifactKey: Guid(3c5e78bf5ab3fbc40b8eec149b3f4567) Importer(815301076,1909f56bfc062723c751e8b465ee728b)
Start importing Assets/Scenes/MainMenu.unity using Guid(3c5e78bf5ab3fbc40b8eec149b3f4567) Importer(815301076,1909f56bfc062723c751e8b465ee728b)  -> (artifact id: '06bbbd24bbb5f92de157b1d9db482a1a') in 0.019523 seconds 
========================================================================
Received Import Request.
  Time since last request: 0.000074 seconds.
  path: Assets/CardExportTexture.renderTexture
  artifactKey: Guid(e39c9e56fcea0c1429a94cae28866bad) Importer(815301076,1909f56bfc062723c751e8b465ee728b)
Start importing Assets/CardExportTexture.renderTexture using Guid(e39c9e56fcea0c1429a94cae28866bad) Importer(815301076,1909f56bfc062723c751e8b465ee728b)  -> (artifact id: '3fb304c7a5f635fb4f835f8e57d2ae48') in 0.100693 seconds 
========================================================================
Received Import Request.
  Time since last request: 20.180571 seconds.
  path: Assets/MenuButtons/Heavitas SDF.asset
  artifactKey: Guid(87617bf18bc3f484bb213f81691c2c03) Importer(815301076,1909f56bfc062723c751e8b465ee728b)
Start importing Assets/MenuButtons/Heavitas SDF.asset using Guid(87617bf18bc3f484bb213f81691c2c03) Importer(815301076,1909f56bfc062723c751e8b465ee728b)  -> (artifact id: '8dc4898515d3ef8115635892c47a655a') in 0.187994 seconds 
========================================================================
Received Import Request.
  Time since last request: 0.000034 seconds.
  path: Assets/MenuButtons/MyHeroPoster.png
  artifactKey: Guid(44a02631bfd23ef4b8d1cdff7e6e8a32) Importer(815301076,1909f56bfc062723c751e8b465ee728b)
Start importing Assets/MenuButtons/MyHeroPoster.png using Guid(44a02631bfd23ef4b8d1cdff7e6e8a32) Importer(815301076,1909f56bfc062723c751e8b465ee728b)  -> (artifact id: '0dc321c866c8d20beae6a66d5f7109f5') in 0.185251 seconds 
========================================================================
Received Import Request.
  Time since last request: 2.699292 seconds.
  path: Assets/MHA/Blank.png
  artifactKey: Guid(44b48ed323f72ee44aeb3baf5f45241a) Importer(815301076,1909f56bfc062723c751e8b465ee728b)
Start importing Assets/MHA/Blank.png using Guid(44b48ed323f72ee44aeb3baf5f45241a) Importer(815301076,1909f56bfc062723c751e8b465ee728b)  -> (artifact id: '656f8f6ce44b22acfd4180bda3aab639') in 0.032358 seconds 
========================================================================
Received Import Request.
  Time since last request: 4.834110 seconds.
  path: Assets/MHA/Frame/action.png
  artifactKey: Guid(f96378fddda720147a84c10525cf5e61) Importer(815301076,1909f56bfc062723c751e8b465ee728b)
Start importing Assets/MHA/Frame/action.png using Guid(f96378fddda720147a84c10525cf5e61) Importer(815301076,1909f56bfc062723c751e8b465ee728b)  -> (artifact id: '6a5ec6a384ab9c0fe6b1bc61d31da35c') in 0.156270 seconds 
========================================================================
Received Import Request.
  Time since last request: 0.000038 seconds.
  path: Assets/MHA/Frame/character.png
  artifactKey: Guid(8dcd11abff178e54fb1619fbf59ce929) Importer(815301076,1909f56bfc062723c751e8b465ee728b)
Start importing Assets/MHA/Frame/character.png using Guid(8dcd11abff178e54fb1619fbf59ce929) Importer(815301076,1909f56bfc062723c751e8b465ee728b)  -> (artifact id: '8b203e4ad7d5edd46ae85bba9fbc8596') in 0.098017 seconds 
========================================================================
Received Import Request.
  Time since last request: 0.281635 seconds.
  path: Assets/MHA/Fonts/Arson Pro Narrow Medium SDF 1.asset
  artifactKey: Guid(471c00cf67517ad418d633a32115e0f5) Importer(815301076,1909f56bfc062723c751e8b465ee728b)
Start importing Assets/MHA/Fonts/Arson Pro Narrow Medium SDF 1.asset using Guid(471c00cf67517ad418d633a32115e0f5) Importer(815301076,1909f56bfc062723c751e8b465ee728b)  -> (artifact id: 'f34a46376b2c6191a9263b0d8fbe12a8') in 0.062159 seconds 
========================================================================
Received Import Request.
  Time since last request: 0.000047 seconds.
  path: Assets/MHA/Fonts/Intro-Black-SC SDF.asset
  artifactKey: Guid(b718d0bf986b83f459ab547ebe679702) Importer(815301076,1909f56bfc062723c751e8b465ee728b)
Start importing Assets/MHA/Fonts/Intro-Black-SC SDF.asset using Guid(b718d0bf986b83f459ab547ebe679702) Importer(815301076,1909f56bfc062723c751e8b465ee728b)  -> (artifact id: 'af0549603e3c0efb4b1e7a83bcc650c9') in 0.061719 seconds 
========================================================================
Received Import Request.
  Time since last request: 0.000059 seconds.
  path: Assets/MHA/Fonts/PFDinTextPro-Regular SDF 1.asset
  artifactKey: Guid(6762a6d67d01e6c45b4b33653cb15e22) Importer(815301076,1909f56bfc062723c751e8b465ee728b)
Start importing Assets/MHA/Fonts/PFDinTextPro-Regular SDF 1.asset using Guid(6762a6d67d01e6c45b4b33653cb15e22) Importer(815301076,1909f56bfc062723c751e8b465ee728b)  -> (artifact id: '618de20342a25bbdb6dd6c0cab30f96d') in 0.056255 seconds 
========================================================================
Received Import Request.
  Time since last request: 0.000072 seconds.
  path: Assets/MHA/Fonts/impact SDF.asset
  artifactKey: Guid(3dc16d887b17a234cb4d26c976eabc16) Importer(815301076,1909f56bfc062723c751e8b465ee728b)
Start importing Assets/MHA/Fonts/impact SDF.asset using Guid(3dc16d887b17a234cb4d26c976eabc16) Importer(815301076,1909f56bfc062723c751e8b465ee728b)  -> (artifact id: 'e1ef4067dcddcf08b8a02908b9d0e15b') in 0.057290 seconds 
========================================================================
Received Import Request.
  Time since last request: 0.000077 seconds.
  path: Assets/MHA/Fonts/Arson Pro Narrow Medium.otf
  artifactKey: Guid(f42d9f374c8fb1c41910666c84dce064) Importer(815301076,1909f56bfc062723c751e8b465ee728b)
Start importing Assets/MHA/Fonts/Arson Pro Narrow Medium.otf using Guid(f42d9f374c8fb1c41910666c84dce064) Importer(815301076,1909f56bfc062723c751e8b465ee728b)  -> (artifact id: '7e57cdef226230ef1d569acf7468d70c') in 0.054145 seconds 
========================================================================
Received Import Request.
  Time since last request: 0.000046 seconds.
  path: Assets/MHA/Fonts/msgothic.ttc
  artifactKey: Guid(af0bc6565539ea544a173f2350ca84ab) Importer(815301076,1909f56bfc062723c751e8b465ee728b)
Start importing Assets/MHA/Fonts/msgothic.ttc using Guid(af0bc6565539ea544a173f2350ca84ab) Importer(815301076,1909f56bfc062723c751e8b465ee728b)  -> (artifact id: '2106c3d81af808c5398f712be3d94dcd') in 0.051043 seconds 
========================================================================
Received Import Request.
  Time since last request: 0.000043 seconds.
  path: Assets/MHA/Fonts/TextBold.mat
  artifactKey: Guid(a5a5713f35a087d4cb23d211e9a7e7a6) Importer(815301076,1909f56bfc062723c751e8b465ee728b)
Start importing Assets/MHA/Fonts/TextBold.mat using Guid(a5a5713f35a087d4cb23d211e9a7e7a6) Importer(815301076,1909f56bfc062723c751e8b465ee728b) State comes from an incompatible keyword space
State comes from an incompatible keyword space
State comes from an incompatible keyword space
State comes from an incompatible keyword space
 -> (artifact id: 'c4aac321e3bc375191f342ccde059168') in 0.039216 seconds 
Editor requested this worker to shutdown with reason: Scaling down because of idle timeout
AssetImportWorker is now disconnected from the server
Process exiting
Exiting without the bug reporter. Application will terminate with return code 0